<?xml version="1.0" encoding="UTF-8"?>
<!-- Generated by org.testng.reporters.JUnitXMLReporter -->
<testsuite hostname="Gowtham-PC" name="Regressions" tests="1" failures="1" timestamp="7 Sep 2018 18:51:24 GMT" time="13.924" errors="0">
  <testcase name="feature" time="3.781" classname="com.whatsapptest.base.Runner">
    <failure type="cucumber.runtime.CucumberException" message="java.lang.NullPointerException">
      <![CDATA[cucumber.runtime.CucumberException: java.lang.NullPointerException
	at cucumber.api.testng.TestNGCucumberRunner.runCucumber(TestNGCucumberRunner.java:69)
	at cucumber.api.testng.AbstractTestNGCucumberTests.feature(AbstractTestNGCucumberTests.java:21)
	at java.util.concurrent.FutureTask.run(FutureTask.java:266)
	at java.util.concurrent.ThreadPoolExecutor.runWorker(ThreadPoolExecutor.java:1149)
	at java.util.concurrent.ThreadPoolExecutor$Worker.run(ThreadPoolExecutor.java:624)
	at java.lang.Thread.run(Thread.java:748)
Caused by: java.lang.NullPointerException
	at com.whatsapptest.base.BaseClass.getDeviceValue(BaseClass.java:132)
	at com.whatsapptest.Chats.VerifySearchContactAndSendMsg.searches_for(VerifySearchContactAndSendMsg.java:21)
	at âœ½.When "User1" searches for "User2"(Chats/VerifySearchContactAndSendMsg.feature:8)
... Removed 16 stack frames]]>
    </failure>
  </testcase> <!-- feature -->
</testsuite> <!-- Regressions -->
